 # Starting log on (local time):  Sat Dec  1 14:08:57 2018
 # TChain->AddFile(../logs/c_P16_1_20.root)
 # TChain->AddFile(../logs/c_P16_2_20.root)
 # TChain->AddFile(../logs/c_P16_3_20.root)
 # TChain->AddFile(../logs/c_P16_4_20.root)
 # TChain->AddFile(../logs/c_P16_5_20.root)
 # TChain->AddFile(../logs/c_P16_6_20.root)
 # TChain->AddFile(../logs/c_P17_10_20.root)
 # TChain->AddFile(../logs/c_P17_11_20.root)
 # TChain->AddFile(../logs/c_P17_12_20.root)
 # TChain->AddFile(../logs/c_P17_13_20.root)
 # TChain->AddFile(../logs/c_P17_14_20.root)
 # TChain->AddFile(../logs/c_P17_15_20.root)
 # TChain->AddFile(../logs/c_P17_16_20.root)
 # TChain->AddFile(../logs/c_P17_17_20.root)
 # TChain->AddFile(../logs/c_P17_18_20.root)
 # TChain->AddFile(../logs/c_P17_19_20.root)
 # TChain->AddFile(../logs/c_P17_1_20.root)
 # TChain->AddFile(../logs/c_P17_20_20.root)
 # TChain->AddFile(../logs/c_P17_2_20.root)
 # TChain->AddFile(../logs/c_P17_3_20.root)
 # TChain->AddFile(../logs/c_P17_4_20.root)
 # TChain->AddFile(../logs/c_P17_5_20.root)
 # TChain->AddFile(../logs/c_P17_6_20.root)
 # TChain->AddFile(../logs/c_P17_7_20.root)
 # TChain->AddFile(../logs/c_P17_8_20.root)
 # TChain->AddFile(../logs/c_P17_9_20.root)
 # finished 0 events
 # Ending log on (local time):   Sat Dec  1 14:08:58 2018
 # Time ellapsed: 1 seconds or (in hr:min:sec) 00:00:01
